<?xml version="1.0" encoding="UTF-8"?>
<testsuite xmlns:xsi="http://www.w3.org/2001/XMLSchema-instance" xsi:schemaLocation="https://maven.apache.org/surefire/maven-surefire-plugin/xsd/surefire-test-report.xsd" name="ru.android.zheka.gmapexample1.ExampleUnitTest" time="22.261" tests="12" errors="0" skipped="0" failures="0">
  <properties>
    <property name="java.runtime.name" value="Java(TM) SE Runtime Environment"/>
    <property name="sun.boot.library.path" value="/usr/local/jdk1.7.0_25/jre/lib/amd64"/>
    <property name="java.vm.version" value="23.25-b01"/>
    <property name="java.vm.vendor" value="Oracle Corporation"/>
    <property name="java.vendor.url" value="http://java.oracle.com/"/>
    <property name="path.separator" value=":"/>
    <property name="guice.disable.misplaced.annotation.check" value="true"/>
    <property name="java.vm.name" value="Java HotSpot(TM) 64-Bit Server VM"/>
    <property name="file.encoding.pkg" value="sun.io"/>
    <property name="user.country" value="RU"/>
    <property name="sun.java.launcher" value="SUN_STANDARD"/>
    <property name="sun.os.patch.level" value="unknown"/>
    <property name="java.vm.specification.name" value="Java Virtual Machine Specification"/>
    <property name="user.dir" value="/home/zheka/workspace/GetStartAndroid/routeMap"/>
    <property name="java.runtime.version" value="1.7.0_25-b15"/>
    <property name="java.awt.graphicsenv" value="sun.awt.X11GraphicsEnvironment"/>
    <property name="java.endorsed.dirs" value="/usr/local/jdk1.7.0_25/jre/lib/endorsed"/>
    <property name="os.arch" value="amd64"/>
    <property name="java.io.tmpdir" value="/tmp"/>
    <property name="line.separator" value="&#10;"/>
    <property name="java.vm.specification.vendor" value="Oracle Corporation"/>
    <property name="os.name" value="Linux"/>
    <property name="classworlds.conf" value="/usr/share/maven/bin/m2.conf"/>
    <property name="sun.jnu.encoding" value="UTF-8"/>
    <property name="java.library.path" value="/usr/java/packages/lib/amd64:/usr/lib64:/lib64:/lib:/usr/lib"/>
    <property name="java.specification.name" value="Java Platform API Specification"/>
    <property name="java.class.version" value="51.0"/>
    <property name="sun.management.compiler" value="HotSpot 64-Bit Tiered Compilers"/>
    <property name="os.version" value="3.10.17"/>
    <property name="user.home" value="/home/zheka"/>
    <property name="user.timezone" value="GMT+04:00"/>
    <property name="java.awt.printerjob" value="sun.print.PSPrinterJob"/>
    <property name="file.encoding" value="UTF-8"/>
    <property name="java.specification.version" value="1.7"/>
    <property name="user.name" value="zheka"/>
    <property name="java.class.path" value="/usr/share/maven/boot/plexus-classworlds-2.5.1.jar"/>
    <property name="java.vm.specification.version" value="1.7"/>
    <property name="sun.arch.data.model" value="64"/>
    <property name="java.home" value="/usr/local/jdk1.7.0_25/jre"/>
    <property name="sun.java.command" value="org.codehaus.plexus.classworlds.launcher.Launcher package"/>
    <property name="java.specification.vendor" value="Oracle Corporation"/>
    <property name="user.language" value="ru"/>
    <property name="awt.toolkit" value="sun.awt.X11.XToolkit"/>
    <property name="java.vm.info" value="mixed mode"/>
    <property name="java.version" value="1.7.0_25"/>
    <property name="java.ext.dirs" value="/usr/local/jdk1.7.0_25/jre/lib/ext:/usr/java/packages/lib/ext"/>
    <property name="securerandom.source" value="file:/dev/./urandom"/>
    <property name="sun.boot.class.path" value="/usr/local/jdk1.7.0_25/jre/lib/resources.jar:/usr/local/jdk1.7.0_25/jre/lib/rt.jar:/usr/local/jdk1.7.0_25/jre/lib/sunrsasign.jar:/usr/local/jdk1.7.0_25/jre/lib/jsse.jar:/usr/local/jdk1.7.0_25/jre/lib/jce.jar:/usr/local/jdk1.7.0_25/jre/lib/charsets.jar:/usr/local/jdk1.7.0_25/jre/lib/jfr.jar:/usr/local/jdk1.7.0_25/jre/classes"/>
    <property name="java.vendor" value="Oracle Corporation"/>
    <property name="maven.home" value="/usr/share/maven"/>
    <property name="file.separator" value="/"/>
    <property name="java.vendor.url.bug" value="http://bugreport.sun.com/bugreport/"/>
    <property name="sun.cpu.endian" value="little"/>
    <property name="sun.io.unicode.encoding" value="UnicodeLittle"/>
    <property name="sun.cpu.isalist" value=""/>
  </properties>
  <testcase name="testAvoidPushAndPull" classname="ru.android.zheka.gmapexample1.ExampleUnitTest" time="12.995"/>
  <testcase name="testPositionAndBoundInit" classname="ru.android.zheka.gmapexample1.ExampleUnitTest" time="0.947"/>
  <testcase name="testDef" classname="ru.android.zheka.gmapexample1.ExampleUnitTest" time="0.514"/>
  <testcase name="testMap" classname="ru.android.zheka.gmapexample1.ExampleUnitTest" time="3.109"/>
  <testcase name="printNotFoundedMethod" classname="ru.android.zheka.gmapexample1.ExampleUnitTest" time="0.451"/>
  <testcase name="testFragment" classname="ru.android.zheka.gmapexample1.ExampleUnitTest" time="0.479"/>
  <testcase name="testMapsActivity" classname="ru.android.zheka.gmapexample1.ExampleUnitTest" time="0.436"/>
  <testcase name="testRWPoint" classname="ru.android.zheka.gmapexample1.ExampleUnitTest" time="0.455"/>
  <testcase name="testRWTrace" classname="ru.android.zheka.gmapexample1.ExampleUnitTest" time="0.489"/>
  <testcase name="testSetDef" classname="ru.android.zheka.gmapexample1.ExampleUnitTest" time="0.435"/>
  <testcase name="testOnItemPointSelected" classname="ru.android.zheka.gmapexample1.ExampleUnitTest" time="0.451"/>
  <testcase name="testNextView" classname="ru.android.zheka.gmapexample1.ExampleUnitTest" time="1.421"/>
</testsuite>